{"C:\\Users\\Fran\\Desktop\\clone git\\ExercicioNode\\ExercicioNode-FrancineSantos\\testes-altomatizados\\src\\calculadora.js": {"path":"C:\\Users\\Fran\\Desktop\\clone git\\ExercicioNode\\ExercicioNode-FrancineSantos\\testes-altomatizados\\src\\calculadora.js","statementMap":{"0":{"start":{"line":3,"column":8},"end":{"line":3,"column":21}}},"fnMap":{"0":{"name":"(anonymous_0)","decl":{"start":{"line":2,"column":4},"end":{"line":2,"column":5}},"loc":{"start":{"line":2,"column":14},"end":{"line":4,"column":5}},"line":2}},"branchMap":{},"s":{"0":1},"f":{"0":1},"b":{},"inputSourceMap":null,"_coverageSchema":"1a1c01bbd47fc00a2c39e90264f33305004495a9","hash":"1e5b682d7304316dae51c1c67dd366dbdd9b9846"}
}
